Determining if the pthread_create exist failed with the following output:
Change Dir: /home/pi/Projects/openGLES/helloworld/CMakeFiles/CMakeTmp

Run Build Command:/usr/bin/make "cmTryCompileExec3861381713/fast"
make[1]: Entering directory `/home/pi/Projects/openGLES/helloworld/CMakeFiles/CMakeTmp'
/usr/bin/make -f CMakeFiles/cmTryCompileExec3861381713.dir/build.make CMakeFiles/cmTryCompileExec3861381713.dir/build
make[2]: Entering directory `/home/pi/Projects/openGLES/helloworld/CMakeFiles/CMakeTmp'
/usr/bin/cmake -E cmake_progress_report /home/pi/Projects/openGLES/helloworld/CMakeFiles/CMakeTmp/CMakeFiles 1
Building C object CMakeFiles/cmTryCompileExec3861381713.dir/CheckSymbolExists.c.o
/usr/bin/gcc    -o CMakeFiles/cmTryCompileExec3861381713.dir/CheckSymbolExists.c.o   -c /home/pi/Projects/openGLES/helloworld/CMakeFiles/CMakeTmp/CheckSymbolExists.c
Linking C executable cmTryCompileExec3861381713
/usr/bin/cmake -E cmake_link_script CMakeFiles/cmTryCompileExec3861381713.dir/link.txt --verbose=1
/usr/bin/gcc         CMakeFiles/cmTryCompileExec3861381713.dir/CheckSymbolExists.c.o  -o cmTryCompileExec3861381713 -rdynamic 
CMakeFiles/cmTryCompileExec3861381713.dir/CheckSymbolExists.c.o: In function `main':
CheckSymbolExists.c:(.text+0x38): undefined reference to `pthread_create'
collect2: ld returned 1 exit status
make[2]: Leaving directory `/home/pi/Projects/openGLES/helloworld/CMakeFiles/CMakeTmp'
make[2]: *** [cmTryCompileExec3861381713] Error 1
make[1]: Leaving directory `/home/pi/Projects/openGLES/helloworld/CMakeFiles/CMakeTmp'
make[1]: *** [cmTryCompileExec3861381713/fast] Error 2

File /home/pi/Projects/openGLES/helloworld/CMakeFiles/CMakeTmp/CheckSymbolExists.c:
/* */
#include <pthread.h>

int main(int argc, char** argv)
{
  (void)argv;
#ifndef pthread_create
  return ((int*)(&pthread_create))[argc];
#else
  (void)argc;
  return 0;
#endif
}

Determining if the function pthread_create exists in the pthreads failed with the following output:
Change Dir: /home/pi/Projects/openGLES/helloworld/CMakeFiles/CMakeTmp

Run Build Command:/usr/bin/make "cmTryCompileExec2316645306/fast"
make[1]: Entering directory `/home/pi/Projects/openGLES/helloworld/CMakeFiles/CMakeTmp'
/usr/bin/make -f CMakeFiles/cmTryCompileExec2316645306.dir/build.make CMakeFiles/cmTryCompileExec2316645306.dir/build
make[2]: Entering directory `/home/pi/Projects/openGLES/helloworld/CMakeFiles/CMakeTmp'
/usr/bin/cmake -E cmake_progress_report /home/pi/Projects/openGLES/helloworld/CMakeFiles/CMakeTmp/CMakeFiles 1
Building C object CMakeFiles/cmTryCompileExec2316645306.dir/CheckFunctionExists.c.o
/usr/bin/gcc   -DCHECK_FUNCTION_EXISTS=pthread_create   -o CMakeFiles/cmTryCompileExec2316645306.dir/CheckFunctionExists.c.o   -c /usr/share/cmake-2.8/Modules/CheckFunctionExists.c
Linking C executable cmTryCompileExec2316645306
/usr/bin/cmake -E cmake_link_script CMakeFiles/cmTryCompileExec2316645306.dir/link.txt --verbose=1
/usr/bin/gcc     -DCHECK_FUNCTION_EXISTS=pthread_create    CMakeFiles/cmTryCompileExec2316645306.dir/CheckFunctionExists.c.o  -o cmTryCompileExec2316645306 -rdynamic -lpthreads 
/usr/bin/ld: cannot find -lpthreads
collect2: ld returned 1 exit status
make[2]: Leaving directory `/home/pi/Projects/openGLES/helloworld/CMakeFiles/CMakeTmp'
make[2]: *** [cmTryCompileExec2316645306] Error 1
make[1]: Leaving directory `/home/pi/Projects/openGLES/helloworld/CMakeFiles/CMakeTmp'
make[1]: *** [cmTryCompileExec2316645306/fast] Error 2


